Build started 10/07/2024 16:37:48.
     1>Project "E:\LuuDuLieuSinhVien\2001215723_LeNguyenThienDinh\Buoi1\Buoi1_BTHTL\Buoi1_BTHTL.vcxproj" on node 2 (Build target(s)).
     1>ClCompile:
         C:\Program Files (x86)\Microsoft Visual Studio 12.0\VC\bin\CL.exe /c /ZI /nologo /W3 /WX- /Od /Oy- /D WIN32 /D _DEBUG /D _CONSOLE /D _LIB /D _UNICODE /D UNICODE /Gm /EHsc /RTC1 /MDd /GS /fp:precise /Zc:wchar_t /Zc:forScope /Fo"Debug\\" /Fd"Debug\vc120.pdb" /Gd /TP /analyze- /errorReport:prompt Bai5.cpp Bai6.cpp
         Bai6.cpp
     1>e:\luudulieusinhvien\2001215723_lenguyenthiendinh\buoi1\buoi1_bthtl\bai6.cpp(27): warning C4996: 'localtime': This function or variable may be unsafe. Consider using localtime_s instead. To disable deprecation, use _CRT_SECURE_NO_WARNINGS. See online help for details.
                 c:\program files (x86)\microsoft visual studio 12.0\vc\include\time.inl(112) : see declaration of 'localtime'
     1>e:\luudulieusinhvien\2001215723_lenguyenthiendinh\buoi1\buoi1_bthtl\bai6.cpp(38): warning C4996: 'scanf': This function or variable may be unsafe. Consider using scanf_s instead. To disable deprecation, use _CRT_SECURE_NO_WARNINGS. See online help for details.
                 c:\program files (x86)\microsoft visual studio 12.0\vc\include\stdio.h(283) : see declaration of 'scanf'
     1>e:\luudulieusinhvien\2001215723_lenguyenthiendinh\buoi1\buoi1_bthtl\bai6.cpp(44): warning C4996: 'scanf': This function or variable may be unsafe. Consider using scanf_s instead. To disable deprecation, use _CRT_SECURE_NO_WARNINGS. See online help for details.
                 c:\program files (x86)\microsoft visual studio 12.0\vc\include\stdio.h(283) : see declaration of 'scanf'
         Bai5.cpp
         Generating Code...
       Link:
         C:\Program Files (x86)\Microsoft Visual Studio 12.0\VC\bin\link.exe /ERRORREPORT:PROMPT /OUT:"E:\LuuDuLieuSinhVien\2001215723_LeNguyenThienDinh\Buoi1\Debug\Buoi1_BTHTL.exe" /INCREMENTAL /NOLOGO kernel32.lib user32.lib gdi32.lib winspool.lib comdlg32.lib advapi32.lib shell32.lib ole32.lib oleaut32.lib uuid.lib odbc32.lib odbccp32.lib /MANIFEST /MANIFESTUAC:"level='asInvoker' uiAccess='false'" /manifest:embed /DEBUG /PDB:"E:\LuuDuLieuSinhVien\2001215723_LeNguyenThienDinh\Buoi1\Debug\Buoi1_BTHTL.pdb" /SUBSYSTEM:CONSOLE /TLBID:1 /DYNAMICBASE /NXCOMPAT /IMPLIB:"E:\LuuDuLieuSinhVien\2001215723_LeNguyenThienDinh\Buoi1\Debug\Buoi1_BTHTL.lib" /MACHINE:X86 Debug\Bai5.obj
         Debug\Bai6.obj
         Buoi1_BTHTL.vcxproj -> E:\LuuDuLieuSinhVien\2001215723_LeNguyenThienDinh\Buoi1\Debug\Buoi1_BTHTL.exe
     1>Done Building Project "E:\LuuDuLieuSinhVien\2001215723_LeNguyenThienDinh\Buoi1\Buoi1_BTHTL\Buoi1_BTHTL.vcxproj" (Build target(s)).

Build succeeded.

Time Elapsed 00:00:00.47
